{"/Users/ray/typescript-line-bot/index.ts": {"path":"/Users/ray/typescript-line-bot/index.ts","statementMap":{"0":{"start":{"line":2,"column":24},"end":{"line":2,"column":38}},"1":{"start":{"line":3,"column":2},"end":{"line":3,"column":40}},"2":{"start":{"line":4,"column":2},"end":{"line":4,"column":15}},"3":{"start":{"line":1,"column":0},"end":{"line":1,"column":16}},"4":{"start":{"line":7,"column":0},"end":{"line":7,"column":20}}},"fnMap":{"0":{"name":"showTotal","decl":{"start":{"line":1,"column":16},"end":{"line":1,"column":25}},"loc":{"start":{"line":1,"column":55},"end":{"line":5,"column":1}}}},"branchMap":{},"s":{"0":2,"1":2,"2":2,"3":1,"4":1},"f":{"0":2},"b":{}}
}
